python: process ...
python: tokenizing 0 json files ...
python: train, test and valid for already exist. 
python: train for is 72 lines and 0.0006979554891586304 Go. 
r: process ...
r: tokenizing 0 json files ...
r: train, test and valid for already exist. 
r: train for is 160 lines and 0.000450819730758667 Go. 
bpe codes already exists.
vocab already exists.
binarize train.with_comments.[0123456789].bpe ...
binarize test.with_comments.bpe ...
binarize valid.with_comments.bpe ...
extract functions ... 
apply bpe on train ... 
apply bpe on /home/gcloud/TransCoder/data/test_dataset/r/train.with_comments.2.functions_class.tok ...
apply bpe on /home/gcloud/TransCoder/data/test_dataset/r/train.with_comments.7.functions_class.tok ...
apply bpe on /home/gcloud/TransCoder/data/test_dataset/r/train.with_comments.4.functions_class.tok ...
apply bpe on /home/gcloud/TransCoder/data/test_dataset/r/train.with_comments.0.functions_class.tok ...
apply bpe on /home/gcloud/TransCoder/data/test_dataset/r/train.with_comments.6.functions_class.tok ...
apply bpe on /home/gcloud/TransCoder/data/test_dataset/r/train.with_comments.6.functions_standalone.tok ...
apply bpe on /home/gcloud/TransCoder/data/test_dataset/r/train.with_comments.4.functions_standalone.tok ...
apply bpe on /home/gcloud/TransCoder/data/test_dataset/r/train.with_comments.5.functions_class.tok ...
apply bpe on /home/gcloud/TransCoder/data/test_dataset/r/train.with_comments.1.functions_standalone.tok ...
apply bpe on /home/gcloud/TransCoder/data/test_dataset/r/train.with_comments.0.functions_standalone.tok ...
apply bpe on /home/gcloud/TransCoder/data/test_dataset/r/train.with_comments.7.functions_standalone.tok ...
apply bpe on /home/gcloud/TransCoder/data/test_dataset/r/train.with_comments.3.functions_class.tok ...
apply bpe on /home/gcloud/TransCoder/data/test_dataset/r/train.with_comments.3.functions_standalone.tok ...
apply bpe on /home/gcloud/TransCoder/data/test_dataset/r/train.with_comments.5.functions_standalone.tok ...
apply bpe on /home/gcloud/TransCoder/data/test_dataset/r/train.with_comments.2.functions_standalone.tok ...
stderr: b'Loading codes from /home/gcloud/TransCoder/data/test_dataset/python-r-.with_comments/codes ...\nRead 20000 codes from the codes file.\nLoading vocabulary from /home/gcloud/TransCoder/data/test_dataset/r/train.with_comments.2.functions_class.tok ...\nRead 0 words (0 unique) from text file.\nApplying BPE to /home/gcloud/TransCoder/data/test_dataset/r/train.with_comments.2.functions_class.tok ...\nOutput memory map failed : 22.\n'
stdout: b''
